<?xml version="1.0" encoding="UTF-8"?>
<testng-results ignored="0" total="1" passed="1" failed="0" skipped="0">
  <reporter-output>
  </reporter-output>
  <suite started-at="2022-12-15T07:50:46Z" name="Default suite" finished-at="2022-12-15T07:50:59Z" duration-ms="13607">
    <groups>
    </groups>
    <test started-at="2022-12-15T07:50:46Z" name="Default test" finished-at="2022-12-15T07:50:59Z" duration-ms="13607">
      <class name="com.jasmeet.naveenLabsAssignment.Assignment">
        <test-method is-config="true" signature="setUp()[pri:0, instance:com.jasmeet.naveenLabsAssignment.Assignment@16eccb2e]" started-at="2022-12-15T07:50:46Z" name="setUp" finished-at="2022-12-15T07:50:52Z" duration-ms="6667" status="PASS">
          <reporter-output>
          </reporter-output>
        </test-method> <!-- setUp -->
        <test-method signature="verifyLoginTest()[pri:0, instance:com.jasmeet.naveenLabsAssignment.Assignment@16eccb2e]" started-at="2022-12-15T07:50:52Z" name="verifyLoginTest" finished-at="2022-12-15T07:50:59Z" duration-ms="6624" status="PASS">
          <reporter-output>
          </reporter-output>
        </test-method> <!-- verifyLoginTest -->
        <test-method is-config="true" signature="tearDown()[pri:0, instance:com.jasmeet.naveenLabsAssignment.Assignment@16eccb2e]" started-at="2022-12-15T07:50:59Z" name="tearDown" finished-at="2022-12-15T07:50:59Z" duration-ms="283" status="PASS">
          <reporter-output>
          </reporter-output>
        </test-method> <!-- tearDown -->
      </class> <!-- com.jasmeet.naveenLabsAssignment.Assignment -->
    </test> <!-- Default test -->
  </suite> <!-- Default suite -->
</testng-results>
